<?xml version="1.0" encoding="UTF-8"?>
<!-- Generated by org.testng.reporters.JUnitReportReporter -->
<testsuite hostname="rajatsingh" failures="0" tests="2" name="Test_RedBus.Bus_Operator_Test" time="33.811" errors="0" timestamp="2021-02-11T17:51:45 IST" skipped="0">
  <testcase classname="Test_RedBus.Bus_Operator_Test" name="searchBusesWithTopOperator" time="18.690"/>
  <system-out/>
  <testcase classname="Test_RedBus.Bus_Operator_Test" name="findAllBusOperators" time="15.121"/>
  <system-out/>
</testsuite> <!-- Test_RedBus.Bus_Operator_Test -->
