<?xml version="1.0" encoding="UTF-8"?>
<!-- Generated by org.testng.reporters.JUnitReportReporter -->
<testsuite hostname="rajatsingh" failures="0" tests="1" name="Test_RedBus.rPool_Test" time="55.985" errors="0" timestamp="2021-02-11T20:15:47 IST" skipped="0">
  <testcase classname="Test_RedBus.rPool_Test" name="carPool" time="55.985"/>
  <system-out/>
</testsuite> <!-- Test_RedBus.rPool_Test -->
