<?xml version="1.0" encoding="UTF-8"?>
<!-- Generated by org.testng.reporters.JUnitReportReporter -->
<testsuite hostname="rajatsingh" failures="0" tests="1" name="Test_RedBus.Know_More_Test" time="22.753" errors="0" timestamp="2021-02-11T20:15:47 IST" skipped="0">
  <testcase classname="Test_RedBus.Know_More_Test" name="KnowMoreFuntionalityCheck" time="22.753"/>
  <system-out/>
</testsuite> <!-- Test_RedBus.Know_More_Test -->
