<?xml version="1.0" encoding="UTF-8"?>
<!-- Generated by org.testng.reporters.JUnitReportReporter -->
<testsuite hostname="rajatsingh" failures="0" tests="1" name="Test_RedBus.Cancel_Ticket_Test" time="68.849" errors="0" timestamp="2021-02-11T20:15:47 IST" skipped="0">
  <testcase classname="Test_RedBus.Cancel_Ticket_Test" name="CancelTicketFuntion" time="68.849"/>
  <system-out/>
</testsuite> <!-- Test_RedBus.Cancel_Ticket_Test -->
