<?xml version="1.0" encoding="UTF-8"?>
<!-- Generated by org.testng.reporters.JUnitReportReporter -->
<testsuite hostname="rajatsingh" failures="0" tests="1" name="Test_RedBus.Search_Bus_Test" time="33.949" errors="0" timestamp="2021-02-11T20:15:47 IST" skipped="0">
  <testcase classname="Test_RedBus.Search_Bus_Test" name="searchBuses" time="33.949"/>
  <system-out/>
</testsuite> <!-- Test_RedBus.Search_Bus_Test -->
