<?xml version="1.0" encoding="UTF-8"?>
<!-- Generated by org.testng.reporters.JUnitReportReporter -->
<testsuite hostname="rajatsingh" failures="0" tests="2" name="Test_RedBus.Operator_Bus_Test" time="72.622" errors="0" timestamp="2021-02-11T20:15:47 IST" skipped="0">
  <testcase classname="Test_RedBus.Operator_Bus_Test" name="findAllBusOperators" time="20.166"/>
  <system-out/>
  <testcase classname="Test_RedBus.Operator_Bus_Test" name="searchBusesWithTopOperator" time="52.456"/>
  <system-out/>
</testsuite> <!-- Test_RedBus.Operator_Bus_Test -->
